{"level":"info","message":"Hola esto es un mensaje informativo","service":"user-service"}
{"level":"warn","message":"Esto es un mensaje de advertencia","service":"user-service"}
{"level":"error","message":"Esto es un error","service":"user-service"}
{"level":"info","message":"Hola esto es un mensaje informativo","service":"user-service"}
{"level":"warn","message":"Esto es un mensaje de advertencia","service":"user-service"}
{"level":"error","message":"Esto es un error","service":"user-service"}
{"level":"debug","message":"Esto es un mensabe de debug","service":"user-service"}
{"level":"info","message":"Hola esto es un mensaje informativo","service":"user-service"}
{"level":"warn","message":"Esto es un mensaje de advertencia","service":"user-service"}
{"level":"error","message":"Esto es un error","service":"user-service"}
{"level":"debug","message":"Esto es un mensabe de debug","service":"user-service"}
{"level":"info","message":"Hola esto es un mensaje informativo","service":"user-service"}
{"level":"warn","message":"Esto es un mensaje de advertencia","service":"user-service"}
{"level":"error","message":"Esto es un error","service":"user-service"}
{"level":"debug","message":"Esto es un mensabe de debug","service":"user-service"}
{"level":"info","message":"Hola esto es un mensaje informativo","service":"user-service"}
{"level":"warn","message":"Esto es un mensaje de advertencia","service":"user-service"}
{"level":"error","message":"Esto es un error","service":"user-service"}
{"level":"debug","message":"Esto es un mensabe de debug","service":"user-service"}
{"level":"info","message":"Hola esto es un mensaje informativo","service":"user-service"}
{"level":"warn","message":"Esto es un mensaje de advertencia","service":"user-service"}
{"level":"error","message":"Esto es un error","service":"user-service"}
{"level":"debug","message":"Esto es un mensabe de debug","service":"user-service"}
{"level":"info","message":"Hola esto es un mensaje informativo","service":"user-service"}
{"level":"warn","message":"Esto es un mensaje de advertencia","service":"user-service"}
{"level":"error","message":"Esto es un error","service":"user-service"}
{"level":"debug","message":"Esto es un mensabe de debug","service":"user-service"}
{"level":"info","message":"Hola esto es un mensaje informativo","service":"user-service"}
{"level":"warn","message":"Esto es un mensaje de advertencia","service":"user-service"}
{"level":"error","message":"Esto es un error","service":"user-service"}
{"level":"debug","message":"Esto es un mensabe de debug","service":"user-service"}
{"level":"error","message":"Soy un error personalizado jiji","service":"user-service"}
{"level":"info","message":"Hola esto es un mensaje informativo","service":"user-service"}
{"level":"warn","message":"Esto es un mensaje de advertencia","service":"user-service"}
{"level":"error","message":"Esto es un error","service":"user-service"}
{"level":"debug","message":"Esto es un mensabe de debug","service":"user-service"}
{"level":"info","message":"ERROR!","service":"user-service"}
{"level":"info","message":"Hola esto es un mensaje informativo","service":"user-service"}
{"level":"warn","message":"Esto es un mensaje de advertencia","service":"user-service"}
{"level":"error","message":"Esto es un error","service":"user-service"}
{"level":"debug","message":"Esto es un mensabe de debug","service":"user-service"}
{"level":"info","message":"ERROR!","service":"user-service"}
{"level":"info","message":"ERROR!","service":"user-service"}
{"level":"info","message":"ERROR!","service":"user-service"}
{"level":"error","message":"ERROR!","service":"user-service"}
